c:\users\david_000\documents\simworlds\debug\logo.dds
c:\programdata\nvidia corporation\drs\nvapptimestamps
c:\users\david_000\documents\simworlds\debug\white.dds
c:\users\david_000\documents\simworlds\debug\grass.dds
c:\users\david_000\documents\simworlds\debug\treasure_chest.cmo
c:\users\david_000\documents\simworlds\debug\_program files (x86)_microsoft visual studio 12.0_common7_ide_extensions_microsoft_vsgraphics_assets_effects_phong.dgsl.cso
c:\users\david_000\documents\simworlds\assets\table.fbm\jalka.png
c:\users\david_000\documents\simworlds\assets\table.fbm\poytalevy.png
c:\users\david_000\documents\simworlds\debug\table.cmo
c:\users\david_000\documents\simworlds\debug\_users_david__000_documents_simworlds_assets_table.fbm_jalka.png.dds
c:\users\david_000\documents\simworlds\debug\_users_david__000_documents_simworlds_assets_table.fbm_poytalevy.png.dds
c:\users\david_000\documents\simworlds\assets\debug\assets.tlog\imagecontenttask-vsgraphics.6188.read.1.tlog
c:\users\david_000\documents\simworlds\assets\debug\assets.tlog\imagecontenttask-vsgraphics.6188.read.2.tlog
c:\users\david_000\documents\simworlds\assets\debug\assets.tlog\imagecontenttask-vsgraphics.6188.write.1.tlog
c:\users\david_000\documents\simworlds\assets\debug\assets.tlog\imagecontenttask-vsgraphics.6188.write.2.tlog
c:\users\david_000\documents\simworlds\assets\debug\assets.tlog\imagecontenttask-vsgraphics.9100.read.1.tlog
c:\users\david_000\documents\simworlds\assets\debug\assets.tlog\imagecontenttask-vsgraphics.9100.read.2.tlog
c:\users\david_000\documents\simworlds\assets\debug\assets.tlog\imagecontenttask-vsgraphics.9100.write.1.tlog
c:\users\david_000\documents\simworlds\assets\debug\assets.tlog\imagecontenttask-vsgraphics.9100.write.2.tlog
c:\users\david_000\documents\simworlds\assets\debug\assets.tlog\imagecontenttask-vsgraphics.read.1.tlog
c:\users\david_000\documents\simworlds\assets\debug\assets.tlog\imagecontenttask-vsgraphics.read.2.tlog
c:\users\david_000\documents\simworlds\assets\debug\assets.tlog\imagecontenttask-vsgraphics.write.1.tlog
c:\users\david_000\documents\simworlds\assets\debug\assets.tlog\imagecontenttask-vsgraphics.write.2.tlog
c:\users\david_000\documents\simworlds\assets\debug\assets.tlog\meshcontenttask-vsgraphics.8928.read.1.tlog
c:\users\david_000\documents\simworlds\assets\debug\assets.tlog\meshcontenttask-vsgraphics.8928.read.2.tlog
c:\users\david_000\documents\simworlds\assets\debug\assets.tlog\meshcontenttask-vsgraphics.8928.write.1.tlog
c:\users\david_000\documents\simworlds\assets\debug\assets.tlog\meshcontenttask-vsgraphics.8928.write.2.tlog
c:\users\david_000\documents\simworlds\assets\debug\assets.tlog\meshcontenttask-vsgraphics.read.1.tlog
c:\users\david_000\documents\simworlds\assets\debug\assets.tlog\meshcontenttask-vsgraphics.read.2.tlog
c:\users\david_000\documents\simworlds\assets\debug\assets.tlog\meshcontenttask-vsgraphics.write.1.tlog
c:\users\david_000\documents\simworlds\assets\debug\assets.tlog\meshcontenttask-vsgraphics.write.2.tlog
