d:\simworlds\game\debug\vc120.pdb
d:\simworlds\game\debug\vc120.idb
d:\simworlds\game\debug\vbgo.obj
d:\simworlds\game\debug\particle.obj
d:\simworlds\game\debug\tutorial01.obj
d:\simworlds\game\debug\turret_base.obj
d:\simworlds\game\debug\trails.obj
d:\simworlds\game\debug\tpscamera.obj
d:\simworlds\game\debug\terrain.obj
d:\simworlds\game\debug\snail.obj
d:\simworlds\game\debug\particlespawner.obj
d:\simworlds\game\debug\light.obj
d:\simworlds\game\debug\gameobject2d.obj
d:\simworlds\game\debug\gameobject.obj
d:\simworlds\game\debug\game.obj
d:\simworlds\game\debug\filevbgo.obj
d:\simworlds\game\debug\cmogo.obj
d:\simworlds\game\debug\camera.obj
d:\simworlds\debug\game.ilk
d:\simworlds\debug\game.exe
d:\simworlds\debug\game.pdb
d:\simworlds\game\debug\tutorial01.res
d:\simworlds\game\debug\game.tlog\cl.command.1.tlog
d:\simworlds\game\debug\game.tlog\cl.read.1.tlog
d:\simworlds\game\debug\game.tlog\cl.write.1.tlog
d:\simworlds\game\debug\game.tlog\link.command.1.tlog
d:\simworlds\game\debug\game.tlog\link.read.1.tlog
d:\simworlds\game\debug\game.tlog\link.write.1.tlog
d:\simworlds\game\debug\game.tlog\rc.command.1.tlog
d:\simworlds\game\debug\game.tlog\rc.read.1.tlog
d:\simworlds\game\debug\game.tlog\rc.write.1.tlog
